2020-02-07 11:59 [main] ERROR org.springframework.boot.SpringApplication[826] - Application run failed
java.lang.IllegalStateException: Logback configuration error detected: 
ERROR in ch.qos.logback.core.joran.action.AppenderRefAction - Could not find an appender named [Druid_FILE]. Did you define it below instead of above in the configuration file?
ERROR in ch.qos.logback.core.joran.action.AppenderRefAction - See http://logback.qos.ch/codes.html#appender_order for more details.
	at org.springframework.boot.logging.logback.LogbackLoggingSystem.loadConfiguration(LogbackLoggingSystem.java:169)
	at org.springframework.boot.logging.AbstractLoggingSystem.initializeWithConventions(AbstractLoggingSystem.java:80)
	at org.springframework.boot.logging.AbstractLoggingSystem.initialize(AbstractLoggingSystem.java:60)
	at org.springframework.boot.logging.logback.LogbackLoggingSystem.initialize(LogbackLoggingSystem.java:118)
	at org.springframework.boot.context.logging.LoggingApplicationListener.initializeSystem(LoggingApplicationListener.java:313)
	at org.springframework.boot.context.logging.LoggingApplicationListener.initialize(LoggingApplicationListener.java:288)
	at org.springframework.boot.context.logging.LoggingApplicationListener.onApplicationEnvironmentPreparedEvent(LoggingApplicationListener.java:246)
	at org.springframework.boot.context.logging.LoggingApplicationListener.onApplicationEvent(LoggingApplicationListener.java:223)
	at org.springframework.context.event.SimpleApplicationEventMulticaster.doInvokeListener(SimpleApplicationEventMulticaster.java:172)
	at org.springframework.context.event.SimpleApplicationEventMulticaster.invokeListener(SimpleApplicationEventMulticaster.java:165)
	at org.springframework.context.event.SimpleApplicationEventMulticaster.multicastEvent(SimpleApplicationEventMulticaster.java:139)
	at org.springframework.context.event.SimpleApplicationEventMulticaster.multicastEvent(SimpleApplicationEventMulticaster.java:127)
	at org.springframework.boot.context.event.EventPublishingRunListener.environmentPrepared(EventPublishingRunListener.java:76)
	at org.springframework.boot.SpringApplicationRunListeners.environmentPrepared(SpringApplicationRunListeners.java:53)
	at org.springframework.boot.SpringApplication.prepareEnvironment(SpringApplication.java:345)
	at org.springframework.boot.SpringApplication.run(SpringApplication.java:308)
	at org.springframework.boot.SpringApplication.run(SpringApplication.java:1226)
	at org.springframework.boot.SpringApplication.run(SpringApplication.java:1215)
	at com.lane.Assignment2Application.main(Assignment2Application.java:10)
2020-02-07 11:59 [main] INFO  com.lane.Assignment2Application[55] - Starting Assignment2Application on Think-PC with PID 8056 (started by Think in C:\Users\Think\Desktop\吴岚若+阶段2\assignment2)
2020-02-07 11:59 [main] INFO  com.lane.Assignment2Application[651] - No active profile set, falling back to default profiles: default
2020-02-07 12:00 [main] INFO  o.s.boot.web.embedded.tomcat.TomcatWebServer[92] - Tomcat initialized with port(s): 8080 (http)
2020-02-07 12:00 [main] INFO  org.apache.coyote.http11.Http11NioProtocol[173] - Initializing ProtocolHandler ["http-nio-8080"]
2020-02-07 12:00 [main] INFO  org.apache.catalina.core.StandardService[173] - Starting service [Tomcat]
2020-02-07 12:00 [main] INFO  org.apache.catalina.core.StandardEngine[173] - Starting Servlet engine: [Apache Tomcat/9.0.30]
2020-02-07 12:00 [main] INFO  org.apache.catalina.core.AprLifecycleListener[173] - Loaded APR based Apache Tomcat Native library [1.2.23] using APR version [1.7.0].
2020-02-07 12:00 [main] INFO  org.apache.catalina.core.AprLifecycleListener[173] - APR capabilities: IPv6 [true], sendfile [true], accept filters [false], random [true].
2020-02-07 12:00 [main] INFO  org.apache.catalina.core.AprLifecycleListener[173] - APR/OpenSSL configuration: useAprConnector [false], useOpenSSL [true]
2020-02-07 12:00 [main] INFO  org.apache.catalina.core.AprLifecycleListener[173] - OpenSSL successfully initialized [OpenSSL 1.1.1c  28 May 2019]
2020-02-07 12:00 [main] INFO  o.a.c.core.ContainerBase.[Tomcat].[localhost].[/][173] - Initializing Spring embedded WebApplicationContext
2020-02-07 12:00 [main] INFO  org.springframework.web.context.ContextLoader[284] - Root WebApplicationContext: initialization completed in 1249 ms
2020-02-07 12:00 [main] INFO  o.s.scheduling.concurrent.ThreadPoolTaskExecutor[171] - Initializing ExecutorService 'applicationTaskExecutor'
2020-02-07 12:00 [main] INFO  org.apache.coyote.http11.Http11NioProtocol[173] - Starting ProtocolHandler ["http-nio-8080"]
2020-02-07 12:00 [main] INFO  o.s.boot.web.embedded.tomcat.TomcatWebServer[204] - Tomcat started on port(s): 8080 (http) with context path ''
2020-02-07 12:00 [main] INFO  com.lane.Assignment2Application[61] - Started Assignment2Application in 2.53 seconds (JVM running for 4.144)
2020-02-07 12:00 [http-nio-8080-exec-8] INFO  o.a.c.core.ContainerBase.[Tomcat].[localhost].[/][173] - Initializing Spring DispatcherServlet 'dispatcherServlet'
2020-02-07 12:00 [http-nio-8080-exec-8] INFO  org.springframework.web.servlet.DispatcherServlet[525] - Initializing Servlet 'dispatcherServlet'
2020-02-07 12:00 [http-nio-8080-exec-8] INFO  org.springframework.web.servlet.DispatcherServlet[547] - Completed initialization in 6 ms
2020-02-07 12:00 [http-nio-8080-exec-8] INFO  com.alibaba.druid.pool.DruidDataSource[1010] - {dataSource-1} inited
2020-02-07 12:10 [main] INFO  com.lane.Assignment2Application[55] - Starting Assignment2Application on Think-PC with PID 9248 (started by Think in C:\Users\Think\Desktop\吴岚若+阶段2\assignment2)
2020-02-07 12:10 [main] INFO  com.lane.Assignment2Application[651] - No active profile set, falling back to default profiles: default
2020-02-07 12:10 [main] INFO  o.s.boot.web.embedded.tomcat.TomcatWebServer[92] - Tomcat initialized with port(s): 8080 (http)
2020-02-07 12:10 [main] INFO  org.apache.coyote.http11.Http11NioProtocol[173] - Initializing ProtocolHandler ["http-nio-8080"]
2020-02-07 12:10 [main] INFO  org.apache.catalina.core.StandardService[173] - Starting service [Tomcat]
2020-02-07 12:10 [main] INFO  org.apache.catalina.core.StandardEngine[173] - Starting Servlet engine: [Apache Tomcat/9.0.30]
2020-02-07 12:10 [main] INFO  org.apache.catalina.core.AprLifecycleListener[173] - Loaded APR based Apache Tomcat Native library [1.2.23] using APR version [1.7.0].
2020-02-07 12:10 [main] INFO  org.apache.catalina.core.AprLifecycleListener[173] - APR capabilities: IPv6 [true], sendfile [true], accept filters [false], random [true].
2020-02-07 12:10 [main] INFO  org.apache.catalina.core.AprLifecycleListener[173] - APR/OpenSSL configuration: useAprConnector [false], useOpenSSL [true]
2020-02-07 12:10 [main] INFO  org.apache.catalina.core.AprLifecycleListener[173] - OpenSSL successfully initialized [OpenSSL 1.1.1c  28 May 2019]
2020-02-07 12:10 [main] INFO  o.a.c.core.ContainerBase.[Tomcat].[localhost].[/][173] - Initializing Spring embedded WebApplicationContext
2020-02-07 12:10 [main] INFO  org.springframework.web.context.ContextLoader[284] - Root WebApplicationContext: initialization completed in 1226 ms
2020-02-07 12:10 [main] INFO  o.s.scheduling.concurrent.ThreadPoolTaskExecutor[171] - Initializing ExecutorService 'applicationTaskExecutor'
2020-02-07 12:10 [main] INFO  org.apache.coyote.http11.Http11NioProtocol[173] - Starting ProtocolHandler ["http-nio-8080"]
2020-02-07 12:10 [main] INFO  o.s.boot.web.embedded.tomcat.TomcatWebServer[204] - Tomcat started on port(s): 8080 (http) with context path ''
2020-02-07 12:10 [main] INFO  com.lane.Assignment2Application[61] - Started Assignment2Application in 2.684 seconds (JVM running for 4.658)
2020-02-07 12:10 [http-nio-8080-exec-8] INFO  o.a.c.core.ContainerBase.[Tomcat].[localhost].[/][173] - Initializing Spring DispatcherServlet 'dispatcherServlet'
2020-02-07 12:10 [http-nio-8080-exec-8] INFO  org.springframework.web.servlet.DispatcherServlet[525] - Initializing Servlet 'dispatcherServlet'
2020-02-07 12:10 [http-nio-8080-exec-8] INFO  org.springframework.web.servlet.DispatcherServlet[547] - Completed initialization in 14 ms
2020-02-07 12:10 [http-nio-8080-exec-8] INFO  com.alibaba.druid.pool.DruidDataSource[1010] - {dataSource-1} inited
